{"/home/zewa666/oss/aurelia-bem/src/bem.ts": {"path":"/home/zewa666/oss/aurelia-bem/src/bem.ts","statementMap":{"0":{"start":{"line":1,"column":0},"end":{"line":1,"column":51}},"1":{"start":{"line":8,"column":17},"end":{"line":8,"column":19}},"2":{"start":{"line":10,"column":2},"end":{"line":12,"column":null}},"3":{"start":{"line":11,"column":4},"end":{"line":11,"column":23}},"4":{"start":{"line":14,"column":2},"end":{"line":16,"column":null}},"5":{"start":{"line":15,"column":4},"end":{"line":15,"column":58}},"6":{"start":{"line":19,"column":4},"end":{"line":27,"column":null}},"7":{"start":{"line":20,"column":6},"end":{"line":24,"column":8}},"8":{"start":{"line":26,"column":6},"end":{"line":26,"column":36}},"9":{"start":{"line":30,"column":2},"end":{"line":36,"column":null}},"10":{"start":{"line":31,"column":4},"end":{"line":35,"column":null}},"11":{"start":{"line":32,"column":6},"end":{"line":32,"column":64}},"12":{"start":{"line":32,"column":29},"end":{"line":32,"column":31}},"13":{"start":{"line":32,"column":47},"end":{"line":32,"column":63}},"14":{"start":{"line":34,"column":6},"end":{"line":34,"column":null}},"15":{"start":{"line":38,"column":2},"end":{"line":38,"column":16}},"16":{"start":{"line":3,"column":0},"end":{"line":3,"column":16}},"17":{"start":{"line":45,"column":2},"end":{"line":45,"column":63}},"18":{"start":{"line":49,"column":0},"end":{"line":49,"column":13}},"19":{"start":{"line":50,"column":2},"end":{"line":52,"column":null}},"20":{"start":{"line":51,"column":4},"end":{"line":51,"column":35}},"21":{"start":{"line":49,"column":13},"end":{"line":53,"column":null}},"22":{"start":{"line":53,"column":0},"end":{"line":53,"column":null}},"23":{"start":{"line":49,"column":13},"end":{"line":49,"column":22}}},"fnMap":{"0":{"name":"bemClassGenerator","decl":{"start":{"line":3,"column":16},"end":{"line":3,"column":33}},"loc":{"start":{"line":6,"column":30},"end":{"line":39,"column":1}}},"1":{"name":"pushModifier","decl":{"start":{"line":18,"column":11},"end":{"line":18,"column":23}},"loc":{"start":{"line":18,"column":25},"end":{"line":28,"column":3}}},"2":{"name":"(anonymous_3)","decl":{"start":{"line":32,"column":22},"end":{"line":32,"column":23}},"loc":{"start":{"line":32,"column":24},"end":{"line":32,"column":30}}},"3":{"name":"(anonymous_4)","decl":{"start":{"line":32,"column":40},"end":{"line":32,"column":41}},"loc":{"start":{"line":32,"column":42},"end":{"line":32,"column":59}}},"4":{"name":"bem","decl":{"start":{"line":41,"column":9},"end":{"line":41,"column":12}},"loc":{"start":{"line":44,"column":30},"end":{"line":46,"column":1}}},"5":{"name":"(anonymous_6)","decl":{"start":{"line":49,"column":0},"end":{"line":49,"column":13}},"loc":{"start":{"line":49,"column":0},"end":{"line":49,"column":13}}},"6":{"name":"(anonymous_8)","decl":{"start":{"line":50,"column":2},"end":{"line":50,"column":12}},"loc":{"start":{"line":50,"column":17},"end":{"line":52,"column":3}}}},"branchMap":{"0":{"loc":{"start":{"line":10,"column":2},"end":{"line":12,"column":null}},"type":"if","locations":[{"start":{"line":10,"column":2},"end":{"line":12,"column":null}},{"start":{"line":10,"column":2},"end":{"line":12,"column":null}}]},"1":{"loc":{"start":{"line":10,"column":6},"end":{"line":10,"column":11}},"type":"binary-expr","locations":[{"start":{"line":10,"column":6},"end":{"line":10,"column":11}},{"start":{"line":10,"column":15},"end":{"line":10,"column":23}}]},"2":{"loc":{"start":{"line":14,"column":2},"end":{"line":16,"column":null}},"type":"if","locations":[{"start":{"line":14,"column":2},"end":{"line":16,"column":null}},{"start":{"line":14,"column":2},"end":{"line":16,"column":null}}]},"3":{"loc":{"start":{"line":15,"column":27},"end":{"line":15,"column":46}},"type":"cond-expr","locations":[{"start":{"line":15,"column":27},"end":{"line":15,"column":46}},{"start":{"line":15,"column":49},"end":{"line":15,"column":56}}]},"4":{"loc":{"start":{"line":19,"column":4},"end":{"line":27,"column":null}},"type":"if","locations":[{"start":{"line":19,"column":4},"end":{"line":27,"column":null}},{"start":{"line":19,"column":4},"end":{"line":27,"column":null}}]},"5":{"loc":{"start":{"line":22,"column":15},"end":{"line":22,"column":40}},"type":"cond-expr","locations":[{"start":{"line":22,"column":15},"end":{"line":22,"column":40}},{"start":{"line":23,"column":15},"end":{"line":23,"column":30}}]},"6":{"loc":{"start":{"line":30,"column":2},"end":{"line":36,"column":null}},"type":"if","locations":[{"start":{"line":30,"column":2},"end":{"line":36,"column":null}},{"start":{"line":30,"column":2},"end":{"line":36,"column":null}}]},"7":{"loc":{"start":{"line":31,"column":4},"end":{"line":35,"column":null}},"type":"if","locations":[{"start":{"line":31,"column":4},"end":{"line":35,"column":null}},{"start":{"line":31,"column":4},"end":{"line":35,"column":null}}]}},"s":{"0":1,"1":14,"2":14,"3":5,"4":14,"5":6,"6":7,"7":6,"8":1,"9":14,"10":5,"11":2,"12":6,"13":4,"14":3,"15":14,"16":1,"17":0,"18":1,"19":1,"20":0,"21":1,"22":1,"23":1},"f":{"0":14,"1":7,"2":6,"3":4,"4":0,"5":1,"6":0},"b":{"0":[5,9],"1":[14,9],"2":[6,8],"3":[4,2],"4":[6,1],"5":[5,1],"6":[5,9],"7":[2,3]}}
,"/home/zewa666/oss/aurelia-bem/src/index.ts": {"path":"/home/zewa666/oss/aurelia-bem/src/index.ts","statementMap":{"0":{"start":{"line":2,"column":0},"end":{"line":2,"column":34}},"1":{"start":{"line":5,"column":2},"end":{"line":7,"column":5}},"2":{"start":{"line":4,"column":0},"end":{"line":4,"column":16}}},"fnMap":{"0":{"name":"configure","decl":{"start":{"line":4,"column":16},"end":{"line":4,"column":25}},"loc":{"start":{"line":4,"column":56},"end":{"line":8,"column":1}}}},"branchMap":{},"s":{"0":0,"1":0,"2":0},"f":{"0":0},"b":{}}
}
