TN:
SF:/home/zewa666/oss/aurelia-bem/src/bem.ts
FN:3,bemClassGenerator
FN:18,pushModifier
FN:32,(anonymous_3)
FN:32,(anonymous_4)
FN:41,bem
FN:49,(anonymous_6)
FN:50,(anonymous_8)
FNF:7
FNH:5
FNDA:14,bemClassGenerator
FNDA:7,pushModifier
FNDA:6,(anonymous_3)
FNDA:4,(anonymous_4)
FNDA:0,bem
FNDA:1,(anonymous_6)
FNDA:0,(anonymous_8)
DA:1,1
DA:3,1
DA:8,14
DA:10,14
DA:11,5
DA:14,14
DA:15,6
DA:19,7
DA:20,6
DA:26,1
DA:30,14
DA:31,5
DA:32,6
DA:34,3
DA:38,14
DA:45,0
DA:49,1
DA:50,1
DA:51,0
DA:53,1
LF:20
LH:18
BRDA:10,0,0,5
BRDA:10,0,1,9
BRDA:10,1,0,14
BRDA:10,1,1,9
BRDA:14,2,0,6
BRDA:14,2,1,8
BRDA:15,3,0,4
BRDA:15,3,1,2
BRDA:19,4,0,6
BRDA:19,4,1,1
BRDA:22,5,0,5
BRDA:22,5,1,1
BRDA:30,6,0,5
BRDA:30,6,1,9
BRDA:31,7,0,2
BRDA:31,7,1,3
BRF:16
BRH:16
end_of_record
TN:
SF:/home/zewa666/oss/aurelia-bem/src/index.ts
FN:4,configure
FNF:1
FNH:0
FNDA:0,configure
DA:2,0
DA:4,0
DA:5,0
LF:3
LH:0
BRF:0
BRH:0
end_of_record
